2025-10-04 11:22:37,859 - INFO - lightkurve_dataset.data.fetch - Searching TESS light curves for target 10797460
2025-10-04 11:22:38,085 - WARNING - lightkurve_dataset.data.fetch - Search failed for 10797460 (TESS): HTTPSConnectionPool(host='mast.stsci.edu', port=443): Max retries exceeded with url: /portal/Mashup/Mashup.asmx/columnsconfig (Caused by NameResolutionError("<urllib3.connection.HTTPSConnection object at 0x120d016a0>: Failed to resolve 'mast.stsci.edu' ([Errno 8] nodename nor servname provided, or not known)"))
2025-10-04 11:22:38,085 - INFO - lightkurve_dataset.data.fetch - Searching TESS light curves for target 10811496
2025-10-04 11:22:38,089 - WARNING - lightkurve_dataset.data.fetch - Search failed for 10811496 (TESS): HTTPSConnectionPool(host='mast.stsci.edu', port=443): Max retries exceeded with url: /portal/Mashup/Mashup.asmx/columnsconfig (Caused by NameResolutionError("<urllib3.connection.HTTPSConnection object at 0x120cb2ad0>: Failed to resolve 'mast.stsci.edu' ([Errno 8] nodename nor servname provided, or not known)"))
2025-10-04 11:22:38,090 - INFO - lightkurve_dataset.data.fetch - Searching TESS light curves for target 10848459
2025-10-04 11:22:38,092 - WARNING - lightkurve_dataset.data.fetch - Search failed for 10848459 (TESS): HTTPSConnectionPool(host='mast.stsci.edu', port=443): Max retries exceeded with url: /portal/Mashup/Mashup.asmx/columnsconfig (Caused by NameResolutionError("<urllib3.connection.HTTPSConnection object at 0x120cb1f90>: Failed to resolve 'mast.stsci.edu' ([Errno 8] nodename nor servname provided, or not known)"))
2025-10-04 11:22:38,092 - INFO - lightkurve_dataset.data.fetch - Searching TESS light curves for target 10854555
2025-10-04 11:22:38,097 - WARNING - lightkurve_dataset.data.fetch - Search failed for 10854555 (TESS): HTTPSConnectionPool(host='mast.stsci.edu', port=443): Max retries exceeded with url: /portal/Mashup/Mashup.asmx/columnsconfig (Caused by NameResolutionError("<urllib3.connection.HTTPSConnection object at 0x120cb3250>: Failed to resolve 'mast.stsci.edu' ([Errno 8] nodename nor servname provided, or not known)"))
2025-10-04 11:22:38,098 - INFO - lightkurve_dataset.data.fetch - Searching TESS light curves for target 10872983
2025-10-04 11:22:38,101 - WARNING - lightkurve_dataset.data.fetch - Search failed for 10872983 (TESS): HTTPSConnectionPool(host='mast.stsci.edu', port=443): Max retries exceeded with url: /portal/Mashup/Mashup.asmx/columnsconfig (Caused by NameResolutionError("<urllib3.connection.HTTPSConnection object at 0x120cb3750>: Failed to resolve 'mast.stsci.edu' ([Errno 8] nodename nor servname provided, or not known)"))
2025-10-04 11:22:38,103 - INFO - lightkurve_dataset.data.fetch - Searching TESS light curves for target 6721123
2025-10-04 11:22:38,105 - WARNING - lightkurve_dataset.data.fetch - Search failed for 6721123 (TESS): HTTPSConnectionPool(host='mast.stsci.edu', port=443): Max retries exceeded with url: /portal/Mashup/Mashup.asmx/columnsconfig (Caused by NameResolutionError("<urllib3.connection.HTTPSConnection object at 0x120cb3c50>: Failed to resolve 'mast.stsci.edu' ([Errno 8] nodename nor servname provided, or not known)"))
2025-10-04 11:22:38,106 - INFO - lightkurve_dataset.data.fetch - Searching TESS light curves for target 10910878
2025-10-04 11:22:38,108 - WARNING - lightkurve_dataset.data.fetch - Search failed for 10910878 (TESS): HTTPSConnectionPool(host='mast.stsci.edu', port=443): Max retries exceeded with url: /portal/Mashup/Mashup.asmx/columnsconfig (Caused by NameResolutionError("<urllib3.connection.HTTPSConnection object at 0x120d54190>: Failed to resolve 'mast.stsci.edu' ([Errno 8] nodename nor servname provided, or not known)"))
2025-10-04 11:22:38,109 - INFO - lightkurve_dataset.data.fetch - Searching TESS light curves for target 11446443
2025-10-04 11:22:38,111 - WARNING - lightkurve_dataset.data.fetch - Search failed for 11446443 (TESS): HTTPSConnectionPool(host='mast.stsci.edu', port=443): Max retries exceeded with url: /portal/Mashup/Mashup.asmx/columnsconfig (Caused by NameResolutionError("<urllib3.connection.HTTPSConnection object at 0x120d54690>: Failed to resolve 'mast.stsci.edu' ([Errno 8] nodename nor servname provided, or not known)"))
2025-10-04 11:22:38,111 - INFO - lightkurve_dataset.data.fetch - Searching TESS light curves for target 10666592
2025-10-04 11:22:38,114 - WARNING - lightkurve_dataset.data.fetch - Search failed for 10666592 (TESS): HTTPSConnectionPool(host='mast.stsci.edu', port=443): Max retries exceeded with url: /portal/Mashup/Mashup.asmx/columnsconfig (Caused by NameResolutionError("<urllib3.connection.HTTPSConnection object at 0x120d54b90>: Failed to resolve 'mast.stsci.edu' ([Errno 8] nodename nor servname provided, or not known)"))
2025-10-04 11:22:38,115 - INFO - lightkurve_dataset.data.fetch - Searching TESS light curves for target 6922244
2025-10-04 11:22:38,118 - WARNING - lightkurve_dataset.data.fetch - Search failed for 6922244 (TESS): HTTPSConnectionPool(host='mast.stsci.edu', port=443): Max retries exceeded with url: /portal/Mashup/Mashup.asmx/columnsconfig (Caused by NameResolutionError("<urllib3.connection.HTTPSConnection object at 0x120d55090>: Failed to resolve 'mast.stsci.edu' ([Errno 8] nodename nor servname provided, or not known)"))
2025-10-04 11:22:38,119 - INFO - lightkurve_dataset.data.fetch - Searching TESS light curves for target 10984090
2025-10-04 11:22:38,121 - WARNING - lightkurve_dataset.data.fetch - Search failed for 10984090 (TESS): HTTPSConnectionPool(host='mast.stsci.edu', port=443): Max retries exceeded with url: /portal/Mashup/Mashup.asmx/columnsconfig (Caused by NameResolutionError("<urllib3.connection.HTTPSConnection object at 0x120d55590>: Failed to resolve 'mast.stsci.edu' ([Errno 8] nodename nor servname provided, or not known)"))
2025-10-04 11:22:38,123 - INFO - lightkurve_dataset.data.fetch - Searching TESS light curves for target 10419211
2025-10-04 11:22:38,125 - WARNING - lightkurve_dataset.data.fetch - Search failed for 10419211 (TESS): HTTPSConnectionPool(host='mast.stsci.edu', port=443): Max retries exceeded with url: /portal/Mashup/Mashup.asmx/columnsconfig (Caused by NameResolutionError("<urllib3.connection.HTTPSConnection object at 0x120d55a90>: Failed to resolve 'mast.stsci.edu' ([Errno 8] nodename nor servname provided, or not known)"))
2025-10-04 11:22:38,126 - INFO - lightkurve_dataset.data.fetch - Searching TESS light curves for target 10464078
2025-10-04 11:22:38,130 - WARNING - lightkurve_dataset.data.fetch - Search failed for 10464078 (TESS): HTTPSConnectionPool(host='mast.stsci.edu', port=443): Max retries exceeded with url: /portal/Mashup/Mashup.asmx/columnsconfig (Caused by NameResolutionError("<urllib3.connection.HTTPSConnection object at 0x120d55f90>: Failed to resolve 'mast.stsci.edu' ([Errno 8] nodename nor servname provided, or not known)"))
2025-10-04 11:22:38,131 - INFO - lightkurve_dataset.data.fetch - Searching TESS light curves for target 10480982
2025-10-04 11:22:38,134 - WARNING - lightkurve_dataset.data.fetch - Search failed for 10480982 (TESS): HTTPSConnectionPool(host='mast.stsci.edu', port=443): Max retries exceeded with url: /portal/Mashup/Mashup.asmx/columnsconfig (Caused by NameResolutionError("<urllib3.connection.HTTPSConnection object at 0x120d56490>: Failed to resolve 'mast.stsci.edu' ([Errno 8] nodename nor servname provided, or not known)"))
2025-10-04 11:22:38,135 - INFO - lightkurve_dataset.data.fetch - Searching TESS light curves for target 10485250
2025-10-04 11:22:38,137 - WARNING - lightkurve_dataset.data.fetch - Search failed for 10485250 (TESS): HTTPSConnectionPool(host='mast.stsci.edu', port=443): Max retries exceeded with url: /portal/Mashup/Mashup.asmx/columnsconfig (Caused by NameResolutionError("<urllib3.connection.HTTPSConnection object at 0x120d56990>: Failed to resolve 'mast.stsci.edu' ([Errno 8] nodename nor servname provided, or not known)"))
2025-10-04 11:22:38,138 - INFO - lightkurve_dataset.data.fetch - Searching TESS light curves for target 10526549
2025-10-04 11:22:38,140 - WARNING - lightkurve_dataset.data.fetch - Search failed for 10526549 (TESS): HTTPSConnectionPool(host='mast.stsci.edu', port=443): Max retries exceeded with url: /portal/Mashup/Mashup.asmx/columnsconfig (Caused by NameResolutionError("<urllib3.connection.HTTPSConnection object at 0x120d56e90>: Failed to resolve 'mast.stsci.edu' ([Errno 8] nodename nor servname provided, or not known)"))
2025-10-04 11:22:38,141 - INFO - lightkurve_dataset.data.fetch - Searching TESS light curves for target 10583066
2025-10-04 11:22:38,143 - WARNING - lightkurve_dataset.data.fetch - Search failed for 10583066 (TESS): HTTPSConnectionPool(host='mast.stsci.edu', port=443): Max retries exceeded with url: /portal/Mashup/Mashup.asmx/columnsconfig (Caused by NameResolutionError("<urllib3.connection.HTTPSConnection object at 0x120d57390>: Failed to resolve 'mast.stsci.edu' ([Errno 8] nodename nor servname provided, or not known)"))
2025-10-04 11:22:38,144 - INFO - lightkurve_dataset.data.fetch - Searching TESS light curves for target 10583180
2025-10-04 11:22:38,146 - WARNING - lightkurve_dataset.data.fetch - Search failed for 10583180 (TESS): HTTPSConnectionPool(host='mast.stsci.edu', port=443): Max retries exceeded with url: /portal/Mashup/Mashup.asmx/columnsconfig (Caused by NameResolutionError("<urllib3.connection.HTTPSConnection object at 0x120d57890>: Failed to resolve 'mast.stsci.edu' ([Errno 8] nodename nor servname provided, or not known)"))
2025-10-04 11:22:38,147 - INFO - lightkurve_dataset.data.fetch - Searching TESS light curves for target 10601284
2025-10-04 11:22:38,149 - WARNING - lightkurve_dataset.data.fetch - Search failed for 10601284 (TESS): HTTPSConnectionPool(host='mast.stsci.edu', port=443): Max retries exceeded with url: /portal/Mashup/Mashup.asmx/columnsconfig (Caused by NameResolutionError("<urllib3.connection.HTTPSConnection object at 0x120d57d90>: Failed to resolve 'mast.stsci.edu' ([Errno 8] nodename nor servname provided, or not known)"))
2025-10-04 11:22:38,150 - INFO - lightkurve_dataset.data.fetch - Searching TESS light curves for target 2306756
2025-10-04 11:22:38,158 - WARNING - lightkurve_dataset.data.fetch - Search failed for 2306756 (TESS): HTTPSConnectionPool(host='mast.stsci.edu', port=443): Max retries exceeded with url: /portal/Mashup/Mashup.asmx/columnsconfig (Caused by NameResolutionError("<urllib3.connection.HTTPSConnection object at 0x120d9c2d0>: Failed to resolve 'mast.stsci.edu' ([Errno 8] nodename nor servname provided, or not known)"))
2025-10-04 11:22:38,158 - INFO - lightkurve_dataset.data.fetch - Searching TESS light curves for target 10662202
2025-10-04 11:22:38,162 - WARNING - lightkurve_dataset.data.fetch - Search failed for 10662202 (TESS): HTTPSConnectionPool(host='mast.stsci.edu', port=443): Max retries exceeded with url: /portal/Mashup/Mashup.asmx/columnsconfig (Caused by NameResolutionError("<urllib3.connection.HTTPSConnection object at 0x120cb3d90>: Failed to resolve 'mast.stsci.edu' ([Errno 8] nodename nor servname provided, or not known)"))
2025-10-04 11:22:38,163 - INFO - lightkurve_dataset.data.fetch - Searching TESS light curves for target 10682541
2025-10-04 11:22:38,165 - WARNING - lightkurve_dataset.data.fetch - Search failed for 10682541 (TESS): HTTPSConnectionPool(host='mast.stsci.edu', port=443): Max retries exceeded with url: /portal/Mashup/Mashup.asmx/columnsconfig (Caused by NameResolutionError("<urllib3.connection.HTTPSConnection object at 0x120cb3890>: Failed to resolve 'mast.stsci.edu' ([Errno 8] nodename nor servname provided, or not known)"))
2025-10-04 11:22:38,166 - INFO - lightkurve_dataset.data.fetch - Searching TESS light curves for target 11460018
2025-10-04 11:22:38,170 - WARNING - lightkurve_dataset.data.fetch - Search failed for 11460018 (TESS): HTTPSConnectionPool(host='mast.stsci.edu', port=443): Max retries exceeded with url: /portal/Mashup/Mashup.asmx/columnsconfig (Caused by NameResolutionError("<urllib3.connection.HTTPSConnection object at 0x120cb3390>: Failed to resolve 'mast.stsci.edu' ([Errno 8] nodename nor servname provided, or not known)"))
2025-10-04 11:22:38,171 - INFO - lightkurve_dataset.data.fetch - Searching TESS light curves for target 11463211
2025-10-04 11:22:38,173 - WARNING - lightkurve_dataset.data.fetch - Search failed for 11463211 (TESS): HTTPSConnectionPool(host='mast.stsci.edu', port=443): Max retries exceeded with url: /portal/Mashup/Mashup.asmx/columnsconfig (Caused by NameResolutionError("<urllib3.connection.HTTPSConnection object at 0x120cb20d0>: Failed to resolve 'mast.stsci.edu' ([Errno 8] nodename nor servname provided, or not known)"))
2025-10-04 11:22:38,173 - INFO - lightkurve_dataset.data.fetch - Searching TESS light curves for target 11465813
2025-10-04 11:22:38,175 - WARNING - lightkurve_dataset.data.fetch - Search failed for 11465813 (TESS): HTTPSConnectionPool(host='mast.stsci.edu', port=443): Max retries exceeded with url: /portal/Mashup/Mashup.asmx/columnsconfig (Caused by NameResolutionError("<urllib3.connection.HTTPSConnection object at 0x120cb2d50>: Failed to resolve 'mast.stsci.edu' ([Errno 8] nodename nor servname provided, or not known)"))
2025-10-04 11:22:38,176 - INFO - lightkurve_dataset.data.fetch - Searching TESS light curves for target 11493732
2025-10-04 11:22:38,179 - WARNING - lightkurve_dataset.data.fetch - Search failed for 11493732 (TESS): HTTPSConnectionPool(host='mast.stsci.edu', port=443): Max retries exceeded with url: /portal/Mashup/Mashup.asmx/columnsconfig (Caused by NameResolutionError("<urllib3.connection.HTTPSConnection object at 0x120cb2850>: Failed to resolve 'mast.stsci.edu' ([Errno 8] nodename nor servname provided, or not known)"))
2025-10-04 11:22:38,179 - INFO - lightkurve_dataset.data.fetch - Searching TESS light curves for target 11507101
2025-10-04 11:22:38,181 - WARNING - lightkurve_dataset.data.fetch - Search failed for 11507101 (TESS): HTTPSConnectionPool(host='mast.stsci.edu', port=443): Max retries exceeded with url: /portal/Mashup/Mashup.asmx/columnsconfig (Caused by NameResolutionError("<urllib3.connection.HTTPSConnection object at 0x120d9c190>: Failed to resolve 'mast.stsci.edu' ([Errno 8] nodename nor servname provided, or not known)"))
2025-10-04 11:22:38,182 - INFO - lightkurve_dataset.data.fetch - Searching TESS light curves for target 10987985
2025-10-04 11:22:38,185 - WARNING - lightkurve_dataset.data.fetch - Search failed for 10987985 (TESS): HTTPSConnectionPool(host='mast.stsci.edu', port=443): Max retries exceeded with url: /portal/Mashup/Mashup.asmx/columnsconfig (Caused by NameResolutionError("<urllib3.connection.HTTPSConnection object at 0x120d9c910>: Failed to resolve 'mast.stsci.edu' ([Errno 8] nodename nor servname provided, or not known)"))
2025-10-04 11:22:38,186 - INFO - lightkurve_dataset.data.fetch - Searching TESS light curves for target 11018648
2025-10-04 11:22:38,189 - WARNING - lightkurve_dataset.data.fetch - Search failed for 11018648 (TESS): HTTPSConnectionPool(host='mast.stsci.edu', port=443): Max retries exceeded with url: /portal/Mashup/Mashup.asmx/columnsconfig (Caused by NameResolutionError("<urllib3.connection.HTTPSConnection object at 0x120d9ce10>: Failed to resolve 'mast.stsci.edu' ([Errno 8] nodename nor servname provided, or not known)"))
2025-10-04 11:22:38,190 - INFO - lightkurve_dataset.data.fetch - Searching TESS light curves for target 11138155
2025-10-04 11:22:38,192 - WARNING - lightkurve_dataset.data.fetch - Search failed for 11138155 (TESS): HTTPSConnectionPool(host='mast.stsci.edu', port=443): Max retries exceeded with url: /portal/Mashup/Mashup.asmx/columnsconfig (Caused by NameResolutionError("<urllib3.connection.HTTPSConnection object at 0x120d9d310>: Failed to resolve 'mast.stsci.edu' ([Errno 8] nodename nor servname provided, or not known)"))
2025-10-04 11:22:38,193 - INFO - lightkurve_dataset.data.fetch - Searching TESS light curves for target 11152159
2025-10-04 11:22:38,198 - WARNING - lightkurve_dataset.data.fetch - Search failed for 11152159 (TESS): HTTPSConnectionPool(host='mast.stsci.edu', port=443): Max retries exceeded with url: /portal/Mashup/Mashup.asmx/columnsconfig (Caused by NameResolutionError("<urllib3.connection.HTTPSConnection object at 0x120d9d810>: Failed to resolve 'mast.stsci.edu' ([Errno 8] nodename nor servname provided, or not known)"))
2025-10-04 11:22:38,198 - INFO - lightkurve_dataset.data.fetch - Searching TESS light curves for target 11153539
2025-10-04 11:22:38,200 - WARNING - lightkurve_dataset.data.fetch - Search failed for 11153539 (TESS): HTTPSConnectionPool(host='mast.stsci.edu', port=443): Max retries exceeded with url: /portal/Mashup/Mashup.asmx/columnsconfig (Caused by NameResolutionError("<urllib3.connection.HTTPSConnection object at 0x120d9dd10>: Failed to resolve 'mast.stsci.edu' ([Errno 8] nodename nor servname provided, or not known)"))
2025-10-04 11:22:38,201 - INFO - lightkurve_dataset.data.fetch - Searching TESS light curves for target 11242721
2025-10-04 11:22:38,204 - WARNING - lightkurve_dataset.data.fetch - Search failed for 11242721 (TESS): HTTPSConnectionPool(host='mast.stsci.edu', port=443): Max retries exceeded with url: /portal/Mashup/Mashup.asmx/columnsconfig (Caused by NameResolutionError("<urllib3.connection.HTTPSConnection object at 0x120d9e210>: Failed to resolve 'mast.stsci.edu' ([Errno 8] nodename nor servname provided, or not known)"))
2025-10-04 11:22:38,205 - INFO - lightkurve_dataset.data.fetch - Searching TESS light curves for target 9579641
2025-10-04 11:22:38,207 - WARNING - lightkurve_dataset.data.fetch - Search failed for 9579641 (TESS): HTTPSConnectionPool(host='mast.stsci.edu', port=443): Max retries exceeded with url: /portal/Mashup/Mashup.asmx/columnsconfig (Caused by NameResolutionError("<urllib3.connection.HTTPSConnection object at 0x120d9e710>: Failed to resolve 'mast.stsci.edu' ([Errno 8] nodename nor servname provided, or not known)"))
2025-10-04 11:22:38,208 - INFO - lightkurve_dataset.data.fetch - Searching TESS light curves for target 11304958
2025-10-04 11:22:38,210 - WARNING - lightkurve_dataset.data.fetch - Search failed for 11304958 (TESS): HTTPSConnectionPool(host='mast.stsci.edu', port=443): Max retries exceeded with url: /portal/Mashup/Mashup.asmx/columnsconfig (Caused by NameResolutionError("<urllib3.connection.HTTPSConnection object at 0x120d9ec10>: Failed to resolve 'mast.stsci.edu' ([Errno 8] nodename nor servname provided, or not known)"))
2025-10-04 11:22:38,210 - INFO - lightkurve_dataset.data.fetch - Searching TESS light curves for target 11391957
2025-10-04 11:22:38,213 - WARNING - lightkurve_dataset.data.fetch - Search failed for 11391957 (TESS): HTTPSConnectionPool(host='mast.stsci.edu', port=443): Max retries exceeded with url: /portal/Mashup/Mashup.asmx/columnsconfig (Caused by NameResolutionError("<urllib3.connection.HTTPSConnection object at 0x120d9f110>: Failed to resolve 'mast.stsci.edu' ([Errno 8] nodename nor servname provided, or not known)"))
2025-10-04 11:22:38,214 - INFO - lightkurve_dataset.data.fetch - Searching TESS light curves for target 11403044
2025-10-04 11:22:38,216 - WARNING - lightkurve_dataset.data.fetch - Search failed for 11403044 (TESS): HTTPSConnectionPool(host='mast.stsci.edu', port=443): Max retries exceeded with url: /portal/Mashup/Mashup.asmx/columnsconfig (Caused by NameResolutionError("<urllib3.connection.HTTPSConnection object at 0x120d9f610>: Failed to resolve 'mast.stsci.edu' ([Errno 8] nodename nor servname provided, or not known)"))
2025-10-04 11:22:38,217 - INFO - lightkurve_dataset.data.fetch - Searching TESS light curves for target 11414511
2025-10-04 11:22:38,220 - WARNING - lightkurve_dataset.data.fetch - Search failed for 11414511 (TESS): HTTPSConnectionPool(host='mast.stsci.edu', port=443): Max retries exceeded with url: /portal/Mashup/Mashup.asmx/columnsconfig (Caused by NameResolutionError("<urllib3.connection.HTTPSConnection object at 0x120d9fb10>: Failed to resolve 'mast.stsci.edu' ([Errno 8] nodename nor servname provided, or not known)"))
2025-10-04 11:22:38,221 - INFO - lightkurve_dataset.data.fetch - Searching TESS light curves for target 11442465
2025-10-04 11:22:38,223 - WARNING - lightkurve_dataset.data.fetch - Search failed for 11442465 (TESS): HTTPSConnectionPool(host='mast.stsci.edu', port=443): Max retries exceeded with url: /portal/Mashup/Mashup.asmx/columnsconfig (Caused by NameResolutionError("<urllib3.connection.HTTPSConnection object at 0x120da4050>: Failed to resolve 'mast.stsci.edu' ([Errno 8] nodename nor servname provided, or not known)"))
2025-10-04 11:22:38,224 - INFO - lightkurve_dataset.data.fetch - Searching TESS light curves for target 12110942
2025-10-04 11:22:38,229 - WARNING - lightkurve_dataset.data.fetch - Search failed for 12110942 (TESS): HTTPSConnectionPool(host='mast.stsci.edu', port=443): Max retries exceeded with url: /portal/Mashup/Mashup.asmx/columnsconfig (Caused by NameResolutionError("<urllib3.connection.HTTPSConnection object at 0x120da4550>: Failed to resolve 'mast.stsci.edu' ([Errno 8] nodename nor servname provided, or not known)"))
2025-10-04 11:22:38,230 - INFO - lightkurve_dataset.data.fetch - Searching TESS light curves for target 12366084
2025-10-04 11:22:38,234 - WARNING - lightkurve_dataset.data.fetch - Search failed for 12366084 (TESS): HTTPSConnectionPool(host='mast.stsci.edu', port=443): Max retries exceeded with url: /portal/Mashup/Mashup.asmx/columnsconfig (Caused by NameResolutionError("<urllib3.connection.HTTPSConnection object at 0x120da4a50>: Failed to resolve 'mast.stsci.edu' ([Errno 8] nodename nor servname provided, or not known)"))
2025-10-04 11:22:38,234 - INFO - lightkurve_dataset.data.fetch - Searching TESS light curves for target 12404086
2025-10-04 11:22:38,237 - WARNING - lightkurve_dataset.data.fetch - Search failed for 12404086 (TESS): HTTPSConnectionPool(host='mast.stsci.edu', port=443): Max retries exceeded with url: /portal/Mashup/Mashup.asmx/columnsconfig (Caused by NameResolutionError("<urllib3.connection.HTTPSConnection object at 0x120d9fed0>: Failed to resolve 'mast.stsci.edu' ([Errno 8] nodename nor servname provided, or not known)"))
2025-10-04 11:22:38,238 - INFO - lightkurve_dataset.data.fetch - Searching TESS light curves for target 8395660
2025-10-04 11:22:38,242 - WARNING - lightkurve_dataset.data.fetch - Search failed for 8395660 (TESS): HTTPSConnectionPool(host='mast.stsci.edu', port=443): Max retries exceeded with url: /portal/Mashup/Mashup.asmx/columnsconfig (Caused by NameResolutionError("<urllib3.connection.HTTPSConnection object at 0x120d9f9d0>: Failed to resolve 'mast.stsci.edu' ([Errno 8] nodename nor servname provided, or not known)"))
2025-10-04 11:22:38,242 - INFO - lightkurve_dataset.data.fetch - Searching TESS light curves for target 11656840
2025-10-04 11:22:38,245 - WARNING - lightkurve_dataset.data.fetch - Search failed for 11656840 (TESS): HTTPSConnectionPool(host='mast.stsci.edu', port=443): Max retries exceeded with url: /portal/Mashup/Mashup.asmx/columnsconfig (Caused by NameResolutionError("<urllib3.connection.HTTPSConnection object at 0x120d9f4d0>: Failed to resolve 'mast.stsci.edu' ([Errno 8] nodename nor servname provided, or not known)"))
2025-10-04 11:22:38,247 - INFO - lightkurve_dataset.data.fetch - Searching TESS light curves for target 11754553
2025-10-04 11:22:38,249 - WARNING - lightkurve_dataset.data.fetch - Search failed for 11754553 (TESS): HTTPSConnectionPool(host='mast.stsci.edu', port=443): Max retries exceeded with url: /portal/Mashup/Mashup.asmx/columnsconfig (Caused by NameResolutionError("<urllib3.connection.HTTPSConnection object at 0x120d9efd0>: Failed to resolve 'mast.stsci.edu' ([Errno 8] nodename nor servname provided, or not known)"))
2025-10-04 11:22:38,250 - INFO - lightkurve_dataset.data.fetch - Searching TESS light curves for target 11812062
2025-10-04 11:22:38,253 - WARNING - lightkurve_dataset.data.fetch - Search failed for 11812062 (TESS): HTTPSConnectionPool(host='mast.stsci.edu', port=443): Max retries exceeded with url: /portal/Mashup/Mashup.asmx/columnsconfig (Caused by NameResolutionError("<urllib3.connection.HTTPSConnection object at 0x120d9ead0>: Failed to resolve 'mast.stsci.edu' ([Errno 8] nodename nor servname provided, or not known)"))
2025-10-04 11:22:38,254 - INFO - lightkurve_dataset.data.fetch - Searching TESS light curves for target 11818800
2025-10-04 11:22:38,256 - WARNING - lightkurve_dataset.data.fetch - Search failed for 11818800 (TESS): HTTPSConnectionPool(host='mast.stsci.edu', port=443): Max retries exceeded with url: /portal/Mashup/Mashup.asmx/columnsconfig (Caused by NameResolutionError("<urllib3.connection.HTTPSConnection object at 0x120d9e5d0>: Failed to resolve 'mast.stsci.edu' ([Errno 8] nodename nor servname provided, or not known)"))
2025-10-04 11:22:38,256 - INFO - lightkurve_dataset.data.fetch - Searching TESS light curves for target 11853255
2025-10-04 11:22:38,259 - WARNING - lightkurve_dataset.data.fetch - Search failed for 11853255 (TESS): HTTPSConnectionPool(host='mast.stsci.edu', port=443): Max retries exceeded with url: /portal/Mashup/Mashup.asmx/columnsconfig (Caused by NameResolutionError("<urllib3.connection.HTTPSConnection object at 0x120d9e0d0>: Failed to resolve 'mast.stsci.edu' ([Errno 8] nodename nor servname provided, or not known)"))
2025-10-04 11:22:38,259 - INFO - lightkurve_dataset.data.fetch - Searching TESS light curves for target 11909839
2025-10-04 11:22:38,263 - WARNING - lightkurve_dataset.data.fetch - Search failed for 11909839 (TESS): HTTPSConnectionPool(host='mast.stsci.edu', port=443): Max retries exceeded with url: /portal/Mashup/Mashup.asmx/columnsconfig (Caused by NameResolutionError("<urllib3.connection.HTTPSConnection object at 0x120d9dbd0>: Failed to resolve 'mast.stsci.edu' ([Errno 8] nodename nor servname provided, or not known)"))
2025-10-04 11:22:38,263 - INFO - lightkurve_dataset.data.fetch - Searching TESS light curves for target 11918099
2025-10-04 11:22:38,267 - WARNING - lightkurve_dataset.data.fetch - Search failed for 11918099 (TESS): HTTPSConnectionPool(host='mast.stsci.edu', port=443): Max retries exceeded with url: /portal/Mashup/Mashup.asmx/columnsconfig (Caused by NameResolutionError("<urllib3.connection.HTTPSConnection object at 0x120d9d6d0>: Failed to resolve 'mast.stsci.edu' ([Errno 8] nodename nor servname provided, or not known)"))
2025-10-04 11:22:38,268 - INFO - lightkurve_dataset.data.fetch - Reached max_targets=50, stopping download
2025-10-04 11:22:38,269 - INFO - lightkurve_dataset.data.fetch - Downloaded 0 files to data/raw
2025-10-04 11:22:38,271 - WARNING - __main__ - No FITS files found in data/raw
2025-10-04 11:22:38,276 - ERROR - __main__ - Missing light-curve files for targets: [10797460, 10811496, 10848459, 10854555, 10872983, 6721123, 10910878, 11446443, 10666592, 6922244]
2025-10-04 11:24:38,360 - INFO - __main__ - Downloading 8214 targets for mission Kepler
2025-10-04 11:24:38,361 - INFO - lightkurve_dataset.data.fetch - Searching Kepler light curves for target 10797460
2025-10-04 11:26:51,586 - WARNING - lightkurve_dataset.data.fetch - Download failed for 10797460 (Kepler): Error in reading Data product data/raw/mastDownload/Kepler/kplr010797460_lc_Q011111111111111111/kplr010797460-2009166043257_llc.fits of type KeplerLightCurve .
This file may be corrupt due to an interrupted download. Please remove it from your disk and try again.
2025-10-04 11:26:51,595 - INFO - lightkurve_dataset.data.fetch - Searching Kepler light curves for target 10811496
2025-10-04 11:27:53,881 - WARNING - lightkurve_dataset.data.fetch - Download failed for 10811496 (Kepler): Error in reading Data product data/raw/mastDownload/Kepler/kplr010811496_lc_Q011111101110111011/kplr010811496-2009166043257_llc.fits of type KeplerLightCurve .
This file may be corrupt due to an interrupted download. Please remove it from your disk and try again.
2025-10-04 11:27:53,881 - INFO - lightkurve_dataset.data.fetch - Searching Kepler light curves for target 10848459
2025-10-04 11:29:49,854 - WARNING - lightkurve_dataset.data.fetch - Download failed for 10848459 (Kepler): Error in reading Data product data/raw/mastDownload/Kepler/kplr010848459_lc_Q011111110111011101/kplr010848459-2009166043257_llc.fits of type KeplerLightCurve .
This file may be corrupt due to an interrupted download. Please remove it from your disk and try again.
2025-10-04 11:29:49,855 - INFO - lightkurve_dataset.data.fetch - Searching Kepler light curves for target 10854555
2025-10-04 11:31:38,601 - WARNING - lightkurve_dataset.data.fetch - Download failed for 10854555 (Kepler): Error in reading Data product data/raw/mastDownload/Kepler/kplr010854555_lc_Q001111111111111111/kplr010854555-2009259160929_llc.fits of type KeplerLightCurve .
This file may be corrupt due to an interrupted download. Please remove it from your disk and try again.
2025-10-04 11:31:38,603 - INFO - lightkurve_dataset.data.fetch - Searching Kepler light curves for target 10872983
2025-10-04 11:34:00,966 - WARNING - lightkurve_dataset.data.fetch - Download failed for 10872983 (Kepler): Error in reading Data product data/raw/mastDownload/Kepler/kplr010872983_lc_Q001111101110111011/kplr010872983-2009259160929_llc.fits of type KeplerLightCurve .
This file may be corrupt due to an interrupted download. Please remove it from your disk and try again.
2025-10-04 11:34:00,968 - INFO - lightkurve_dataset.data.fetch - Searching Kepler light curves for target 6721123
2025-10-04 11:35:29,811 - WARNING - lightkurve_dataset.data.fetch - Download failed for 6721123 (Kepler): Error in reading Data product data/raw/mastDownload/Kepler/kplr006721123_sc_Q000300000000000000/kplr006721123-2009291181958_slc.fits of type KeplerLightCurve .
This file may be corrupt due to an interrupted download. Please remove it from your disk and try again.
2025-10-04 11:35:29,815 - INFO - lightkurve_dataset.data.fetch - Searching Kepler light curves for target 10910878
2025-10-04 11:38:25,413 - WARNING - lightkurve_dataset.data.fetch - Download failed for 10910878 (Kepler): Error in reading Data product data/raw/mastDownload/Kepler/kplr010910878_lc_Q011111110111011101/kplr010910878-2009166043257_llc.fits of type KeplerLightCurve .
This file may be corrupt due to an interrupted download. Please remove it from your disk and try again.
2025-10-04 11:38:25,415 - INFO - lightkurve_dataset.data.fetch - Searching Kepler light curves for target 11446443
2025-10-04 11:48:26,424 - WARNING - lightkurve_dataset.data.fetch - Search failed for 11446443 (Kepler): Timeout limit of 600 exceeded.
2025-10-04 11:48:26,434 - INFO - lightkurve_dataset.data.fetch - Searching Kepler light curves for target 10666592
2025-10-04 11:57:19,526 - INFO - __main__ - Downloading 8214 targets for mission Kepler
2025-10-04 11:57:19,527 - INFO - lightkurve_dataset.data.fetch - Searching Kepler light curves for target 10797460
2025-10-04 11:57:19,710 - WARNING - lightkurve_dataset.data.fetch - Search failed for 10797460 (Kepler): HTTPSConnectionPool(host='mast.stsci.edu', port=443): Max retries exceeded with url: /portal/Mashup/Mashup.asmx/columnsconfig (Caused by NameResolutionError("<urllib3.connection.HTTPSConnection object at 0x1196d9940>: Failed to resolve 'mast.stsci.edu' ([Errno 8] nodename nor servname provided, or not known)"))
2025-10-04 11:57:19,710 - INFO - lightkurve_dataset.data.fetch - Searching Kepler light curves for target 10811496
2025-10-04 11:57:19,713 - WARNING - lightkurve_dataset.data.fetch - Search failed for 10811496 (Kepler): HTTPSConnectionPool(host='mast.stsci.edu', port=443): Max retries exceeded with url: /portal/Mashup/Mashup.asmx/columnsconfig (Caused by NameResolutionError("<urllib3.connection.HTTPSConnection object at 0x119682d50>: Failed to resolve 'mast.stsci.edu' ([Errno 8] nodename nor servname provided, or not known)"))
2025-10-04 11:57:19,714 - INFO - lightkurve_dataset.data.fetch - Searching Kepler light curves for target 10848459
2025-10-04 11:57:19,717 - WARNING - lightkurve_dataset.data.fetch - Search failed for 10848459 (Kepler): HTTPSConnectionPool(host='mast.stsci.edu', port=443): Max retries exceeded with url: /portal/Mashup/Mashup.asmx/columnsconfig (Caused by NameResolutionError("<urllib3.connection.HTTPSConnection object at 0x119682210>: Failed to resolve 'mast.stsci.edu' ([Errno 8] nodename nor servname provided, or not known)"))
2025-10-04 11:57:19,718 - INFO - lightkurve_dataset.data.fetch - Searching Kepler light curves for target 10854555
2025-10-04 11:57:19,720 - WARNING - lightkurve_dataset.data.fetch - Search failed for 10854555 (Kepler): HTTPSConnectionPool(host='mast.stsci.edu', port=443): Max retries exceeded with url: /portal/Mashup/Mashup.asmx/columnsconfig (Caused by NameResolutionError("<urllib3.connection.HTTPSConnection object at 0x1196834d0>: Failed to resolve 'mast.stsci.edu' ([Errno 8] nodename nor servname provided, or not known)"))
2025-10-04 11:57:19,721 - INFO - lightkurve_dataset.data.fetch - Searching Kepler light curves for target 10872983
2025-10-04 11:57:19,725 - WARNING - lightkurve_dataset.data.fetch - Search failed for 10872983 (Kepler): HTTPSConnectionPool(host='mast.stsci.edu', port=443): Max retries exceeded with url: /portal/Mashup/Mashup.asmx/columnsconfig (Caused by NameResolutionError("<urllib3.connection.HTTPSConnection object at 0x1196839d0>: Failed to resolve 'mast.stsci.edu' ([Errno 8] nodename nor servname provided, or not known)"))
2025-10-04 11:57:19,725 - INFO - lightkurve_dataset.data.fetch - Searching Kepler light curves for target 6721123
2025-10-04 11:57:19,727 - WARNING - lightkurve_dataset.data.fetch - Search failed for 6721123 (Kepler): HTTPSConnectionPool(host='mast.stsci.edu', port=443): Max retries exceeded with url: /portal/Mashup/Mashup.asmx/columnsconfig (Caused by NameResolutionError("<urllib3.connection.HTTPSConnection object at 0x119683ed0>: Failed to resolve 'mast.stsci.edu' ([Errno 8] nodename nor servname provided, or not known)"))
2025-10-04 11:57:19,728 - INFO - lightkurve_dataset.data.fetch - Searching Kepler light curves for target 10910878
2025-10-04 11:57:19,731 - WARNING - lightkurve_dataset.data.fetch - Search failed for 10910878 (Kepler): HTTPSConnectionPool(host='mast.stsci.edu', port=443): Max retries exceeded with url: /portal/Mashup/Mashup.asmx/columnsconfig (Caused by NameResolutionError("<urllib3.connection.HTTPSConnection object at 0x119728410>: Failed to resolve 'mast.stsci.edu' ([Errno 8] nodename nor servname provided, or not known)"))
2025-10-04 11:57:19,732 - INFO - lightkurve_dataset.data.fetch - Searching Kepler light curves for target 11446443
2025-10-04 11:57:19,736 - WARNING - lightkurve_dataset.data.fetch - Search failed for 11446443 (Kepler): HTTPSConnectionPool(host='mast.stsci.edu', port=443): Max retries exceeded with url: /portal/Mashup/Mashup.asmx/columnsconfig (Caused by NameResolutionError("<urllib3.connection.HTTPSConnection object at 0x119728910>: Failed to resolve 'mast.stsci.edu' ([Errno 8] nodename nor servname provided, or not known)"))
2025-10-04 11:57:19,737 - INFO - lightkurve_dataset.data.fetch - Searching Kepler light curves for target 10666592
2025-10-04 11:57:19,739 - WARNING - lightkurve_dataset.data.fetch - Search failed for 10666592 (Kepler): HTTPSConnectionPool(host='mast.stsci.edu', port=443): Max retries exceeded with url: /portal/Mashup/Mashup.asmx/columnsconfig (Caused by NameResolutionError("<urllib3.connection.HTTPSConnection object at 0x119728e10>: Failed to resolve 'mast.stsci.edu' ([Errno 8] nodename nor servname provided, or not known)"))
2025-10-04 11:57:19,741 - INFO - lightkurve_dataset.data.fetch - Searching Kepler light curves for target 6922244
2025-10-04 11:57:19,743 - WARNING - lightkurve_dataset.data.fetch - Search failed for 6922244 (Kepler): HTTPSConnectionPool(host='mast.stsci.edu', port=443): Max retries exceeded with url: /portal/Mashup/Mashup.asmx/columnsconfig (Caused by NameResolutionError("<urllib3.connection.HTTPSConnection object at 0x119729310>: Failed to resolve 'mast.stsci.edu' ([Errno 8] nodename nor servname provided, or not known)"))
2025-10-04 11:57:19,744 - INFO - lightkurve_dataset.data.fetch - Reached max_targets=10, stopping download
2025-10-04 11:57:19,745 - INFO - lightkurve_dataset.data.fetch - Downloaded 0 files to data/raw
2025-10-04 11:57:19,748 - INFO - __main__ - Downloading 7321 targets for mission TESS
2025-10-04 11:57:19,749 - INFO - lightkurve_dataset.data.fetch - Searching TESS light curves for target 50365310
2025-10-04 11:57:19,753 - WARNING - lightkurve_dataset.data.fetch - Search failed for 50365310 (TESS): HTTPSConnectionPool(host='mast.stsci.edu', port=443): Max retries exceeded with url: /portal/Mashup/Mashup.asmx/columnsconfig (Caused by NameResolutionError("<urllib3.connection.HTTPSConnection object at 0x119729810>: Failed to resolve 'mast.stsci.edu' ([Errno 8] nodename nor servname provided, or not known)"))
2025-10-04 11:57:19,754 - INFO - lightkurve_dataset.data.fetch - Searching TESS light curves for target 88863718
2025-10-04 11:57:19,758 - WARNING - lightkurve_dataset.data.fetch - Search failed for 88863718 (TESS): HTTPSConnectionPool(host='mast.stsci.edu', port=443): Max retries exceeded with url: /portal/Mashup/Mashup.asmx/columnsconfig (Caused by NameResolutionError("<urllib3.connection.HTTPSConnection object at 0x119729d10>: Failed to resolve 'mast.stsci.edu' ([Errno 8] nodename nor servname provided, or not known)"))
2025-10-04 11:57:19,760 - INFO - lightkurve_dataset.data.fetch - Searching TESS light curves for target 124709665
2025-10-04 11:57:19,762 - WARNING - lightkurve_dataset.data.fetch - Search failed for 124709665 (TESS): HTTPSConnectionPool(host='mast.stsci.edu', port=443): Max retries exceeded with url: /portal/Mashup/Mashup.asmx/columnsconfig (Caused by NameResolutionError("<urllib3.connection.HTTPSConnection object at 0x11972a210>: Failed to resolve 'mast.stsci.edu' ([Errno 8] nodename nor servname provided, or not known)"))
2025-10-04 11:57:19,765 - INFO - lightkurve_dataset.data.fetch - Searching TESS light curves for target 106997505
2025-10-04 11:57:19,768 - WARNING - lightkurve_dataset.data.fetch - Search failed for 106997505 (TESS): HTTPSConnectionPool(host='mast.stsci.edu', port=443): Max retries exceeded with url: /portal/Mashup/Mashup.asmx/columnsconfig (Caused by NameResolutionError("<urllib3.connection.HTTPSConnection object at 0x11972a710>: Failed to resolve 'mast.stsci.edu' ([Errno 8] nodename nor servname provided, or not known)"))
2025-10-04 11:57:19,770 - INFO - lightkurve_dataset.data.fetch - Searching TESS light curves for target 238597883
2025-10-04 11:57:19,773 - WARNING - lightkurve_dataset.data.fetch - Search failed for 238597883 (TESS): HTTPSConnectionPool(host='mast.stsci.edu', port=443): Max retries exceeded with url: /portal/Mashup/Mashup.asmx/columnsconfig (Caused by NameResolutionError("<urllib3.connection.HTTPSConnection object at 0x11972ac10>: Failed to resolve 'mast.stsci.edu' ([Errno 8] nodename nor servname provided, or not known)"))
2025-10-04 11:57:19,774 - INFO - lightkurve_dataset.data.fetch - Searching TESS light curves for target 169904935
2025-10-04 11:57:19,776 - WARNING - lightkurve_dataset.data.fetch - Search failed for 169904935 (TESS): HTTPSConnectionPool(host='mast.stsci.edu', port=443): Max retries exceeded with url: /portal/Mashup/Mashup.asmx/columnsconfig (Caused by NameResolutionError("<urllib3.connection.HTTPSConnection object at 0x11972b110>: Failed to resolve 'mast.stsci.edu' ([Errno 8] nodename nor servname provided, or not known)"))
2025-10-04 11:57:19,776 - INFO - lightkurve_dataset.data.fetch - Searching TESS light curves for target 156115721
2025-10-04 11:57:19,779 - WARNING - lightkurve_dataset.data.fetch - Search failed for 156115721 (TESS): HTTPSConnectionPool(host='mast.stsci.edu', port=443): Max retries exceeded with url: /portal/Mashup/Mashup.asmx/columnsconfig (Caused by NameResolutionError("<urllib3.connection.HTTPSConnection object at 0x11972b610>: Failed to resolve 'mast.stsci.edu' ([Errno 8] nodename nor servname provided, or not known)"))
2025-10-04 11:57:19,779 - INFO - lightkurve_dataset.data.fetch - Searching TESS light curves for target 65212867
2025-10-04 11:57:19,784 - WARNING - lightkurve_dataset.data.fetch - Search failed for 65212867 (TESS): HTTPSConnectionPool(host='mast.stsci.edu', port=443): Max retries exceeded with url: /portal/Mashup/Mashup.asmx/columnsconfig (Caused by NameResolutionError("<urllib3.connection.HTTPSConnection object at 0x11972bb10>: Failed to resolve 'mast.stsci.edu' ([Errno 8] nodename nor servname provided, or not known)"))
2025-10-04 11:57:19,784 - INFO - lightkurve_dataset.data.fetch - Searching TESS light curves for target 440801822
2025-10-04 11:57:19,788 - WARNING - lightkurve_dataset.data.fetch - Search failed for 440801822 (TESS): HTTPSConnectionPool(host='mast.stsci.edu', port=443): Max retries exceeded with url: /portal/Mashup/Mashup.asmx/columnsconfig (Caused by NameResolutionError("<urllib3.connection.HTTPSConnection object at 0x119794050>: Failed to resolve 'mast.stsci.edu' ([Errno 8] nodename nor servname provided, or not known)"))
2025-10-04 11:57:19,789 - INFO - lightkurve_dataset.data.fetch - Searching TESS light curves for target 107782586
2025-10-04 11:57:19,797 - WARNING - lightkurve_dataset.data.fetch - Search failed for 107782586 (TESS): HTTPSConnectionPool(host='mast.stsci.edu', port=443): Max retries exceeded with url: /portal/Mashup/Mashup.asmx/columnsconfig (Caused by NameResolutionError("<urllib3.connection.HTTPSConnection object at 0x119794550>: Failed to resolve 'mast.stsci.edu' ([Errno 8] nodename nor servname provided, or not known)"))
2025-10-04 11:57:19,798 - INFO - lightkurve_dataset.data.fetch - Reached max_targets=10, stopping download
2025-10-04 11:57:19,799 - INFO - lightkurve_dataset.data.fetch - Downloaded 0 files to data/raw
2025-10-04 11:57:19,802 - WARNING - __main__ - No FITS files found in data/raw
2025-10-04 11:57:19,805 - ERROR - __main__ - Missing light-curve files for targets: [10797460, 10811496, 10848459, 10854555, 10872983, 6721123, 10910878, 11446443, 10666592, 6922244]
2025-10-04 11:58:27,135 - WARNING - lightkurve_dataset.data.fetch - Search failed for 10666592 (Kepler): Timeout limit of 600 exceeded.
2025-10-04 11:58:27,143 - INFO - lightkurve_dataset.data.fetch - Searching Kepler light curves for target 6922244
2025-10-04 11:59:45,878 - WARNING - lightkurve_dataset.data.fetch - Download failed for 6922244 (Kepler): Error in reading Data product data/raw/mastDownload/Kepler/kplr006922244_sc_Q003333310333330000/kplr006922244-2009350160919_slc.fits of type KeplerLightCurve .
This file may be corrupt due to an interrupted download. Please remove it from your disk and try again.
2025-10-04 11:59:45,883 - INFO - lightkurve_dataset.data.fetch - Searching Kepler light curves for target 10984090
2025-10-04 12:01:59,535 - WARNING - lightkurve_dataset.data.fetch - Download failed for 10984090 (Kepler): Error in reading Data product data/raw/mastDownload/Kepler/kplr010984090_sc_Q000333310000000000/kplr010984090-2009291181958_slc.fits of type KeplerLightCurve .
This file may be corrupt due to an interrupted download. Please remove it from your disk and try again.
2025-10-04 12:01:59,537 - INFO - lightkurve_dataset.data.fetch - Searching Kepler light curves for target 10419211
2025-10-04 12:04:18,473 - WARNING - lightkurve_dataset.data.fetch - Download failed for 10419211 (Kepler): Error in reading Data product data/raw/mastDownload/Kepler/kplr010419211_lc_Q011111101110111011/kplr010419211-2009166043257_llc.fits of type KeplerLightCurve .
This file may be corrupt due to an interrupted download. Please remove it from your disk and try again.
2025-10-04 12:04:18,475 - INFO - lightkurve_dataset.data.fetch - Searching Kepler light curves for target 10464078
2025-10-04 12:05:43,826 - WARNING - lightkurve_dataset.data.fetch - Download failed for 10464078 (Kepler): Error in reading Data product data/raw/mastDownload/Kepler/kplr010464078_lc_Q011111111111111111/kplr010464078-2009166043257_llc.fits of type KeplerLightCurve .
This file may be corrupt due to an interrupted download. Please remove it from your disk and try again.
2025-10-04 12:05:43,828 - INFO - lightkurve_dataset.data.fetch - Searching Kepler light curves for target 10480982
2025-10-04 12:07:04,468 - WARNING - lightkurve_dataset.data.fetch - Download failed for 10480982 (Kepler): Error in reading Data product data/raw/mastDownload/Kepler/kplr010480982_lc_Q011111101110111011/kplr010480982-2009166043257_llc.fits of type KeplerLightCurve .
This file may be corrupt due to an interrupted download. Please remove it from your disk and try again.
2025-10-04 12:07:04,469 - INFO - lightkurve_dataset.data.fetch - Searching Kepler light curves for target 10485250
2025-10-04 12:08:33,162 - WARNING - lightkurve_dataset.data.fetch - Download failed for 10485250 (Kepler): Error in reading Data product data/raw/mastDownload/Kepler/kplr010485250_lc_Q001111101110111011/kplr010485250-2009259160929_llc.fits of type KeplerLightCurve .
This file may be corrupt due to an interrupted download. Please remove it from your disk and try again.
2025-10-04 12:08:33,163 - INFO - lightkurve_dataset.data.fetch - Searching Kepler light curves for target 10526549
2025-10-04 12:09:45,140 - WARNING - lightkurve_dataset.data.fetch - Download failed for 10526549 (Kepler): Error in reading Data product data/raw/mastDownload/Kepler/kplr010526549_lc_Q011111111111111111/kplr010526549-2009166043257_llc.fits of type KeplerLightCurve .
This file may be corrupt due to an interrupted download. Please remove it from your disk and try again.
2025-10-04 12:09:45,142 - INFO - lightkurve_dataset.data.fetch - Searching Kepler light curves for target 10583066
2025-10-04 12:12:02,564 - WARNING - lightkurve_dataset.data.fetch - Download failed for 10583066 (Kepler): Error in reading Data product data/raw/mastDownload/Kepler/kplr010583066_lc_Q011111111111111111/kplr010583066-2009166043257_llc.fits of type KeplerLightCurve .
This file may be corrupt due to an interrupted download. Please remove it from your disk and try again.
2025-10-04 12:12:02,566 - INFO - lightkurve_dataset.data.fetch - Searching Kepler light curves for target 10583180
2025-10-04 12:37:03,696 - WARNING - __main__ - Could not find light curves for 156 targets
2025-10-04 12:37:03,702 - WARNING - __main__ - Dropping 156 targets without light curves
2025-10-04 12:39:35,828 - WARNING - __main__ - Could not find light curves for 156 targets
2025-10-04 12:39:35,832 - WARNING - __main__ - Dropping 156 targets without light curves
2025-10-04 12:40:44,054 - WARNING - __main__ - Could not find light curves for 156 targets
2025-10-04 12:40:44,056 - WARNING - __main__ - Dropping 156 targets without light curves
2025-10-04 12:40:49,239 - WARNING - lightkurve_dataset.datasets.lightgbm - Skipping 11853255 due to feature extraction error: Transit window insufficient for feature extraction
2025-10-04 12:40:53,355 - INFO - lightkurve_dataset.datasets.lightgbm - Saved 83 feature rows to data/processed/lightgbm/features.parquet
2025-10-04 12:40:59,331 - INFO - lightkurve_dataset.datasets.cnn - Saved CNN tensors: (84, 3, 2001) global, (84, 3, 201) local to data/processed/cnn/cnn_dataset.npz
2025-10-04 12:40:59,333 - INFO - __main__ - Pipeline finished successfully
2025-10-04 14:59:10,206 - WARNING - __main__ - Could not find light curves for 371 targets
2025-10-04 14:59:10,208 - WARNING - __main__ - Dropping 371 targets without light curves
2025-10-04 14:59:15,028 - WARNING - lightkurve_dataset.datasets.lightgbm - Skipping 11853255 due to feature extraction error: Transit window insufficient for feature extraction
2025-10-04 14:59:25,767 - WARNING - lightkurve_dataset.features.physical - BLS computation failed: The maximum transit duration must be shorter than the minimum period
2025-10-04 14:59:26,025 - WARNING - lightkurve_dataset.features.physical - BLS computation failed: The maximum transit duration must be shorter than the minimum period
2025-10-04 15:06:37,476 - WARNING - __main__ - Could not find light curves for 371 targets
2025-10-04 15:06:37,478 - WARNING - __main__ - Dropping 371 targets without light curves
2025-10-04 15:06:42,439 - WARNING - lightkurve_dataset.datasets.lightgbm - Skipping 11853255 due to feature extraction error: Transit window insufficient for feature extraction
2025-10-04 15:06:53,972 - WARNING - lightkurve_dataset.features.physical - BLS computation failed: The maximum transit duration must be shorter than the minimum period
2025-10-04 15:06:54,248 - WARNING - lightkurve_dataset.features.physical - BLS computation failed: The maximum transit duration must be shorter than the minimum period
2025-10-04 15:25:22,130 - INFO - lightkurve_dataset.datasets.lightgbm - Saved 228 feature rows to data/processed/lightgbm/features.parquet
2025-10-04 15:38:48,153 - INFO - lightkurve_dataset.datasets.cnn - Saved CNN tensors: (229, 3, 2001) global, (229, 3, 201) local to data/processed/cnn/cnn_dataset.npz
2025-10-04 15:38:48,161 - INFO - __main__ - Pipeline finished successfully
